<?xml version="1.0" encoding="UTF-8"?>
<!-- Generated by org.testng.reporters.JUnitXMLReporter -->
<testsuite ignored="0" hostname="DESKTOP-T3MRB14" failures="0" tests="3" name="Default test" time="0.068" errors="0" timestamp="2022-06-23T10:48:36 IST">
  <testcase classname="test.Annotations" name="FlightBooking" time="0.008"/>
  <testcase classname="test.Annotations" name="FlightCancel" time="0.002"/>
  <testcase classname="test.Annotations" name="OpeningBrowser" time="0.002"/>
</testsuite> <!-- Default test -->
