<?xml version="1.0" encoding="UTF-8"?>
<!-- Generated by org.testng.reporters.JUnitXMLReporter -->
<testsuite ignored="2" hostname="DESKTOP-T3MRB14" failures="0" tests="5" name="Car Loan" time="0.09" errors="0" timestamp="2022-06-23T12:22:19 IST">
  <testcase classname="test.Day3" name="MobileLogincarLoan" time="0.008"/>
  <testcase classname="test.Day3" name="MobilesignoutcarLoan" time="0.004"/>
  <testcase classname="test.Day3" name="MobilesignoutcarLoan" time="0.001"/>
  <testcase classname="test.Day3" name="MobilesignoutcarLoan" time="0.002"/>
  <testcase classname="test.Day3" name="WebloginCarLoan" time="0.002"/>
  <testcase classname="test.Day3" name="MobilesignimcarLoan" time="0.0">
    <ignored/>
  </testcase> <!-- MobilesignimcarLoan -->
  <testcase classname="test.Day3" name="APIcarLoan" time="0.0">
    <ignored/>
  </testcase> <!-- APIcarLoan -->
</testsuite> <!-- Car Loan -->
