<?xml version="1.0" encoding="UTF-8"?>
<testng-results ignored="3" total="13" passed="9" failed="1" skipped="0">
  <reporter-output>
  </reporter-output>
  <suite started-at="2022-06-23T12:22:19 IST" name="Loan Department" finished-at="2022-06-23T12:22:19 IST" duration-ms="92">
    <groups>
      <group name="Smoke">
        <method signature="Day2.ploan()[pri:0, instance:test.Day2@50ad3bc1]" name="ploan" class="test.Day2"/>
        <method signature="Day4.MobileLoginHomeLoan()[pri:0, instance:test.Day4@223aa2f7]" name="MobileLoginHomeLoan" class="test.Day4"/>
        <method signature="Day3.MobileLogincarLoan()[pri:0, instance:test.Day3@4fb3ee4e]" name="MobileLogincarLoan" class="test.Day3"/>
      </group> <!-- Smoke -->
    </groups>
    <test started-at="2022-06-23T12:22:19 IST" name="Car Loan" finished-at="2022-06-23T12:22:19 IST" duration-ms="90">
      <class name="test.Day1">
        <test-method is-config="true" signature="afSyite()[pri:0, instance:test.Day1@10163d6]" started-at="2022-06-23T12:22:19 IST" name="afSyite" finished-at="2022-06-23T12:22:19 IST" duration-ms="1" status="PASS">
          <reporter-output>
          </reporter-output>
        </test-method> <!-- afSyite -->
      </class> <!-- test.Day1 -->
      <class name="test.Day3">
        <test-method is-config="true" signature="Bfsuite()[pri:0, instance:test.Day3@4fb3ee4e]" started-at="2022-06-23T12:22:19 IST" name="Bfsuite" finished-at="2022-06-23T12:22:19 IST" duration-ms="11" status="PASS">
          <reporter-output>
          </reporter-output>
        </test-method> <!-- Bfsuite -->
        <test-method is-config="true" signature="befoclas()[pri:0, instance:test.Day3@4fb3ee4e]" started-at="2022-06-23T12:22:19 IST" name="befoclas" finished-at="2022-06-23T12:22:19 IST" duration-ms="0" status="PASS">
          <reporter-output>
          </reporter-output>
        </test-method> <!-- befoclas -->
        <test-method is-config="true" signature="beforeevery()[pri:0, instance:test.Day3@4fb3ee4e]" started-at="2022-06-23T12:22:19 IST" name="beforeevery" finished-at="2022-06-23T12:22:19 IST" duration-ms="0" status="PASS">
          <reporter-output>
          </reporter-output>
        </test-method> <!-- beforeevery -->
        <test-method signature="MobileLogincarLoan()[pri:0, instance:test.Day3@4fb3ee4e]" started-at="2022-06-23T12:22:19 IST" name="MobileLogincarLoan" finished-at="2022-06-23T12:22:19 IST" duration-ms="8" status="PASS">
          <reporter-output>
          </reporter-output>
        </test-method> <!-- MobileLogincarLoan -->
        <test-method is-config="true" signature="afterevery()[pri:0, instance:test.Day3@4fb3ee4e]" started-at="2022-06-23T12:22:19 IST" name="afterevery" finished-at="2022-06-23T12:22:19 IST" duration-ms="0" status="PASS">
          <reporter-output>
          </reporter-output>
        </test-method> <!-- afterevery -->
        <test-method is-config="true" signature="beforeevery()[pri:0, instance:test.Day3@4fb3ee4e]" started-at="2022-06-23T12:22:19 IST" name="beforeevery" finished-at="2022-06-23T12:22:19 IST" duration-ms="0" status="PASS">
          <reporter-output>
          </reporter-output>
        </test-method> <!-- beforeevery -->
        <test-method signature="MobilesignoutcarLoan(java.lang.String,java.lang.String)[pri:0, instance:test.Day3@4fb3ee4e]" started-at="2022-06-23T12:22:19 IST" name="MobilesignoutcarLoan" data-provider="getData" finished-at="2022-06-23T12:22:19 IST" duration-ms="4" status="PASS">
          <params>
            <param index="0">
              <value>
                <![CDATA[firstsetusername]]>
              </value>
            </param>
            <param index="1">
              <value>
                <![CDATA[firstpassword]]>
              </value>
            </param>
          </params>
          <reporter-output>
          </reporter-output>
        </test-method> <!-- MobilesignoutcarLoan -->
        <test-method is-config="true" signature="afterevery()[pri:0, instance:test.Day3@4fb3ee4e]" started-at="2022-06-23T12:22:19 IST" name="afterevery" finished-at="2022-06-23T12:22:19 IST" duration-ms="1" status="PASS">
          <reporter-output>
          </reporter-output>
        </test-method> <!-- afterevery -->
        <test-method is-config="true" signature="beforeevery()[pri:0, instance:test.Day3@4fb3ee4e]" started-at="2022-06-23T12:22:19 IST" name="beforeevery" finished-at="2022-06-23T12:22:19 IST" duration-ms="0" status="PASS">
          <reporter-output>
          </reporter-output>
        </test-method> <!-- beforeevery -->
        <test-method signature="MobilesignoutcarLoan(java.lang.String,java.lang.String)[pri:0, instance:test.Day3@4fb3ee4e]" started-at="2022-06-23T12:22:19 IST" name="MobilesignoutcarLoan" data-provider="getData" finished-at="2022-06-23T12:22:19 IST" duration-ms="1" status="PASS">
          <params>
            <param index="0">
              <value>
                <![CDATA[secondsetusername]]>
              </value>
            </param>
            <param index="1">
              <value>
                <![CDATA[secondpassword]]>
              </value>
            </param>
          </params>
          <reporter-output>
          </reporter-output>
        </test-method> <!-- MobilesignoutcarLoan -->
        <test-method is-config="true" signature="afterevery()[pri:0, instance:test.Day3@4fb3ee4e]" started-at="2022-06-23T12:22:19 IST" name="afterevery" finished-at="2022-06-23T12:22:19 IST" duration-ms="0" status="PASS">
          <reporter-output>
          </reporter-output>
        </test-method> <!-- afterevery -->
        <test-method is-config="true" signature="beforeevery()[pri:0, instance:test.Day3@4fb3ee4e]" started-at="2022-06-23T12:22:19 IST" name="beforeevery" finished-at="2022-06-23T12:22:19 IST" duration-ms="0" status="PASS">
          <reporter-output>
          </reporter-output>
        </test-method> <!-- beforeevery -->
        <test-method signature="MobilesignoutcarLoan(java.lang.String,java.lang.String)[pri:0, instance:test.Day3@4fb3ee4e]" started-at="2022-06-23T12:22:19 IST" name="MobilesignoutcarLoan" data-provider="getData" finished-at="2022-06-23T12:22:19 IST" duration-ms="2" status="PASS">
          <params>
            <param index="0">
              <value>
                <![CDATA[thirdsetusername]]>
              </value>
            </param>
            <param index="1">
              <value>
                <![CDATA[thirdpassword]]>
              </value>
            </param>
          </params>
          <reporter-output>
          </reporter-output>
        </test-method> <!-- MobilesignoutcarLoan -->
        <test-method is-config="true" signature="afterevery()[pri:0, instance:test.Day3@4fb3ee4e]" started-at="2022-06-23T12:22:19 IST" name="afterevery" finished-at="2022-06-23T12:22:19 IST" duration-ms="0" status="PASS">
          <reporter-output>
          </reporter-output>
        </test-method> <!-- afterevery -->
        <test-method is-config="true" signature="beforeevery()[pri:0, instance:test.Day3@4fb3ee4e]" started-at="2022-06-23T12:22:19 IST" name="beforeevery" finished-at="2022-06-23T12:22:19 IST" duration-ms="1" status="PASS">
          <reporter-output>
          </reporter-output>
        </test-method> <!-- beforeevery -->
        <test-method signature="WebloginCarLoan(java.lang.String,java.lang.String)[pri:0, instance:test.Day3@4fb3ee4e]" started-at="2022-06-23T12:22:19 IST" name="WebloginCarLoan" finished-at="2022-06-23T12:22:19 IST" duration-ms="2" status="PASS">
          <params>
            <param index="0">
              <value>
                <![CDATA[carloan.com]]>
              </value>
            </param>
            <param index="1">
              <value>
                <![CDATA[123456]]>
              </value>
            </param>
          </params>
          <reporter-output>
          </reporter-output>
        </test-method> <!-- WebloginCarLoan -->
        <test-method is-config="true" signature="afterevery()[pri:0, instance:test.Day3@4fb3ee4e]" started-at="2022-06-23T12:22:19 IST" name="afterevery" finished-at="2022-06-23T12:22:19 IST" duration-ms="0" status="PASS">
          <reporter-output>
          </reporter-output>
        </test-method> <!-- afterevery -->
        <test-method is-config="true" signature="afteclas()[pri:0, instance:test.Day3@4fb3ee4e]" started-at="2022-06-23T12:22:19 IST" name="afteclas" finished-at="2022-06-23T12:22:19 IST" duration-ms="1" status="PASS">
          <reporter-output>
          </reporter-output>
        </test-method> <!-- afteclas -->
      </class> <!-- test.Day3 -->
    </test> <!-- Car Loan -->
    <test started-at="2022-06-23T12:22:19 IST" name="Personal loan" finished-at="2022-06-23T12:22:19 IST" duration-ms="92">
      <class name="test.Day1">
        <test-method signature="Demo()[pri:0, instance:test.Day1@10163d6]" started-at="2022-06-23T12:22:19 IST" name="Demo" finished-at="2022-06-23T12:22:19 IST" duration-ms="18" status="FAIL">
          <exception class="java.lang.AssertionError">
            <message>
              <![CDATA[expected [true] but found [false]]]>
            </message>
            <full-stacktrace>
              <![CDATA[java.lang.AssertionError: expected [true] but found [false]
at org.testng.Assert.fail(Assert.java:99)
at org.testng.Assert.failNotEquals(Assert.java:1037)
at org.testng.Assert.assertTrue(Assert.java:45)
at org.testng.Assert.assertTrue(Assert.java:55)
at test.Day1.Demo(Day1.java:20)
at java.base/jdk.internal.reflect.NativeMethodAccessorImpl.invoke0(Native Method)
at java.base/jdk.internal.reflect.NativeMethodAccessorImpl.invoke(NativeMethodAccessorImpl.java:77)
at java.base/jdk.internal.reflect.DelegatingMethodAccessorImpl.invoke(DelegatingMethodAccessorImpl.java:43)
at java.base/java.lang.reflect.Method.invoke(Method.java:568)
at org.testng.internal.MethodInvocationHelper.invokeMethod(MethodInvocationHelper.java:133)
at org.testng.internal.TestInvoker.invokeMethod(TestInvoker.java:598)
at org.testng.internal.TestInvoker.invokeTestMethod(TestInvoker.java:173)
at org.testng.internal.MethodRunner.runInSequence(MethodRunner.java:46)
at org.testng.internal.TestInvoker$MethodInvocationAgent.invoke(TestInvoker.java:824)
at org.testng.internal.TestInvoker.invokeTestMethods(TestInvoker.java:146)
at org.testng.internal.TestMethodWorker.invokeTestMethods(TestMethodWorker.java:146)
at org.testng.internal.TestMethodWorker.run(TestMethodWorker.java:128)
at java.base/java.util.ArrayList.forEach(ArrayList.java:1511)
at org.testng.TestRunner.privateRun(TestRunner.java:794)
at org.testng.TestRunner.run(TestRunner.java:596)
at org.testng.SuiteRunner.runTest(SuiteRunner.java:377)
at org.testng.SuiteRunner.access$000(SuiteRunner.java:28)
at org.testng.SuiteRunner$SuiteWorker.run(SuiteRunner.java:418)
at org.testng.internal.thread.ThreadUtil.lambda$execute$0(ThreadUtil.java:64)
at java.base/java.util.concurrent.FutureTask.run(FutureTask.java:264)
at java.base/java.util.concurrent.ThreadPoolExecutor.runWorker(ThreadPoolExecutor.java:1136)
at java.base/java.util.concurrent.ThreadPoolExecutor$Worker.run(ThreadPoolExecutor.java:635)
at java.base/java.lang.Thread.run(Thread.java:833)
]]>
            </full-stacktrace>
          </exception> <!-- java.lang.AssertionError -->
          <reporter-output>
          </reporter-output>
        </test-method> <!-- Demo -->
        <test-method is-config="true" signature="lastexecution()[pri:0, instance:test.Day1@10163d6]" started-at="2022-06-23T12:22:19 IST" name="lastexecution" finished-at="2022-06-23T12:22:19 IST" duration-ms="1" status="PASS">
          <reporter-output>
          </reporter-output>
        </test-method> <!-- lastexecution -->
      </class> <!-- test.Day1 -->
      <class name="test.Day2">
        <test-method is-config="true" signature="prerequiste()[pri:0, instance:test.Day2@50ad3bc1]" started-at="2022-06-23T12:22:19 IST" name="prerequiste" finished-at="2022-06-23T12:22:19 IST" duration-ms="0" status="PASS">
          <reporter-output>
          </reporter-output>
        </test-method> <!-- prerequiste -->
        <test-method signature="ploan()[pri:0, instance:test.Day2@50ad3bc1]" started-at="2022-06-23T12:22:19 IST" name="ploan" finished-at="2022-06-23T12:22:19 IST" duration-ms="1" status="PASS">
          <reporter-output>
          </reporter-output>
        </test-method> <!-- ploan -->
      </class> <!-- test.Day2 -->
      <class name="test.Day4">
        <test-method signature="LoginAPIHomeLoan()[pri:0, instance:test.Day4@223aa2f7]" started-at="2022-06-23T12:22:19 IST" name="LoginAPIHomeLoan" finished-at="2022-06-23T12:22:19 IST" duration-ms="2" status="PASS">
          <reporter-output>
          </reporter-output>
        </test-method> <!-- LoginAPIHomeLoan -->
        <test-method signature="MobileLoginHomeLoan()[pri:0, instance:test.Day4@223aa2f7]" started-at="2022-06-23T12:22:19 IST" name="MobileLoginHomeLoan" finished-at="2022-06-23T12:22:19 IST" duration-ms="2" status="PASS">
          <reporter-output>
          </reporter-output>
        </test-method> <!-- MobileLoginHomeLoan -->
        <test-method signature="WebloginHomeLoan(java.lang.String)[pri:0, instance:test.Day4@223aa2f7]" started-at="2022-06-23T12:22:19 IST" name="WebloginHomeLoan" finished-at="2022-06-23T12:22:19 IST" duration-ms="2" status="PASS">
          <params>
            <param index="0">
              <value>
                <![CDATA[personalloan.com]]>
              </value>
            </param>
          </params>
          <reporter-output>
          </reporter-output>
        </test-method> <!-- WebloginHomeLoan -->
      </class> <!-- test.Day4 -->
    </test> <!-- Personal loan -->
  </suite> <!-- Loan Department -->
</testng-results>
